{
  "contracts\\DexPool.sol": {
    "l": {
      "54": 47,
      "59": 47,
      "60": 46,
      "65": 44,
      "71": 37,
      "73": 35,
      "74": 35,
      "75": 35,
      "76": 35,
      "77": 35,
      "81": 87,
      "82": 87,
      "86": 2,
      "87": 2,
      "91": 93,
      "92": 93,
      "100": 92,
      "101": 92,
      "102": 92,
      "103": 3,
      "104": 89,
      "105": 62,
      "106": 2,
      "107": 60,
      "109": 27,
      "111": 87,
      "112": 87,
      "113": 87,
      "118": 87,
      "119": 87,
      "126": 4,
      "128": 2,
      "129": 2,
      "131": 2,
      "133": 2,
      "135": 2,
      "136": 2,
      "138": 2,
      "139": 2,
      "141": 2,
      "146": 2,
      "147": 2,
      "154": 6,
      "155": 1,
      "156": 5,
      "158": 4,
      "159": 4,
      "179": 4,
      "180": 4,
      "181": 4,
      "184": 4,
      "185": 4,
      "187": 4,
      "192": 4,
      "193": 4,
      "200": 0,
      "201": 0,
      "202": 0,
      "203": 0,
      "204": 0,
      "206": 0,
      "211": 0,
      "212": 0,
      "213": 0,
      "214": 0,
      "215": 0,
      "223": 0,
      "224": 0,
      "228": 27,
      "229": 27,
      "230": 27,
      "231": 27,
      "232": 337,
      "233": 337,
      "236": 0
    },
    "path": "C:\\Users\\i.ivanov\\Desktop\\projects\\dex\\dex-core\\contracts\\DexPool.sol",
    "s": {
      "1": 47,
      "2": 47,
      "3": 46,
      "4": 44,
      "5": 37,
      "6": 92,
      "7": 92,
      "8": 92,
      "9": 89,
      "10": 62,
      "11": 87,
      "12": 87,
      "13": 87,
      "14": 87,
      "15": 87,
      "16": 4,
      "17": 2,
      "18": 2,
      "19": 2,
      "20": 2,
      "21": 2,
      "22": 2,
      "23": 2,
      "24": 2,
      "25": 2,
      "26": 6,
      "27": 5,
      "28": 4,
      "29": 4,
      "30": 4,
      "31": 4,
      "32": 4,
      "33": 4,
      "34": 4,
      "35": 4,
      "36": 4,
      "37": 0,
      "38": 0,
      "39": 0,
      "40": 0,
      "41": 0,
      "42": 0,
      "43": 27,
      "44": 27,
      "45": 27,
      "46": 0
    },
    "b": {
      "1": [47, 1],
      "2": [2, 45],
      "3": [1, 46],
      "4": [1, 44],
      "5": [5, 37],
      "6": [1, 2],
      "7": [2, 1],
      "8": [1, 1],
      "9": [2, 35],
      "10": [1, 1],
      "11": [3, 89],
      "12": [2, 1],
      "13": [62, 27],
      "14": [2, 60],
      "15": [2, 2],
      "16": [1, 1],
      "17": [1, 5],
      "18": [1, 4],
      "19": [2, 2],
      "20": [0, 0],
      "21": [0, 0],
      "22": [0, 0],
      "23": [0, 0],
      "24": [27, 0],
      "25": [0, 0]
    },
    "f": {
      "1": 47,
      "2": 87,
      "3": 2,
      "4": 93,
      "5": 92,
      "6": 4,
      "7": 6,
      "8": 0,
      "9": 0,
      "10": 0,
      "11": 27
    },
    "fnMap": {
      "1": {
        "name": "initialize",
        "line": 53,
        "loc": {
          "start": { "line": 48, "column": 4 },
          "end": { "line": 78, "column": 4 }
        }
      },
      "2": {
        "name": "mintShares",
        "line": 80,
        "loc": {
          "start": { "line": 80, "column": 4 },
          "end": { "line": 83, "column": 4 }
        }
      },
      "3": {
        "name": "burnShares",
        "line": 85,
        "loc": {
          "start": { "line": 85, "column": 4 },
          "end": { "line": 88, "column": 4 }
        }
      },
      "4": {
        "name": "updateBalances",
        "line": 90,
        "loc": {
          "start": { "line": 90, "column": 4 },
          "end": { "line": 93, "column": 4 }
        }
      },
      "5": {
        "name": "addLiquidity",
        "line": 95,
        "loc": {
          "start": { "line": 95, "column": 4 },
          "end": { "line": 120, "column": 4 }
        }
      },
      "6": {
        "name": "removeLiquidity",
        "line": 122,
        "loc": {
          "start": { "line": 122, "column": 4 },
          "end": { "line": 148, "column": 4 }
        }
      },
      "7": {
        "name": "swap",
        "line": 150,
        "loc": {
          "start": { "line": 150, "column": 4 },
          "end": { "line": 194, "column": 4 }
        }
      },
      "8": {
        "name": "transferOwnership",
        "line": 196,
        "loc": {
          "start": { "line": 196, "column": 4 },
          "end": { "line": 208, "column": 4 }
        }
      },
      "9": {
        "name": "claimOwnership",
        "line": 210,
        "loc": {
          "start": { "line": 210, "column": 4 },
          "end": { "line": 216, "column": 4 }
        }
      },
      "10": {
        "name": "_authorizeUpgrade",
        "line": 218,
        "loc": {
          "start": { "line": 218, "column": 4 },
          "end": { "line": 225, "column": 4 }
        }
      },
      "11": {
        "name": "sqrt",
        "line": 227,
        "loc": {
          "start": { "line": 227, "column": 4 },
          "end": { "line": 238, "column": 4 }
        }
      }
    },
    "statementMap": {
      "1": {
        "start": { "line": 54, "column": 8 },
        "end": { "line": 54, "column": 1694 }
      },
      "2": {
        "start": { "line": 59, "column": 8 },
        "end": { "line": 59, "column": 57 }
      },
      "3": {
        "start": { "line": 60, "column": 8 },
        "end": { "line": 60, "column": 1905 }
      },
      "4": {
        "start": { "line": 65, "column": 8 },
        "end": { "line": 65, "column": 2068 }
      },
      "5": {
        "start": { "line": 71, "column": 8 },
        "end": { "line": 71, "column": 58 }
      },
      "6": {
        "start": { "line": 100, "column": 8 },
        "end": { "line": 100, "column": 66 }
      },
      "7": {
        "start": { "line": 101, "column": 8 },
        "end": { "line": 101, "column": 66 }
      },
      "8": {
        "start": { "line": 102, "column": 8 },
        "end": { "line": 102, "column": 3307 }
      },
      "9": {
        "start": { "line": 104, "column": 8 },
        "end": { "line": 104, "column": 3359 }
      },
      "10": {
        "start": { "line": 105, "column": 12 },
        "end": { "line": 105, "column": 3453 }
      },
      "11": {
        "start": { "line": 111, "column": 8 },
        "end": { "line": 111, "column": 24 }
      },
      "12": {
        "start": { "line": 112, "column": 8 },
        "end": { "line": 112, "column": 36 }
      },
      "13": {
        "start": { "line": 113, "column": 8 },
        "end": { "line": 113, "column": 3711 }
      },
      "14": {
        "start": { "line": 118, "column": 8 },
        "end": { "line": 118, "column": 64 }
      },
      "15": {
        "start": { "line": 119, "column": 8 },
        "end": { "line": 119, "column": 20 }
      },
      "16": {
        "start": { "line": 126, "column": 8 },
        "end": { "line": 126, "column": 78 }
      },
      "17": {
        "start": { "line": 131, "column": 8 },
        "end": { "line": 131, "column": 41 }
      },
      "18": {
        "start": { "line": 133, "column": 8 },
        "end": { "line": 133, "column": 36 }
      },
      "19": {
        "start": { "line": 135, "column": 8 },
        "end": { "line": 135, "column": 59 }
      },
      "20": {
        "start": { "line": 136, "column": 8 },
        "end": { "line": 136, "column": 59 }
      },
      "21": {
        "start": { "line": 138, "column": 8 },
        "end": { "line": 138, "column": 66 }
      },
      "22": {
        "start": { "line": 139, "column": 8 },
        "end": { "line": 139, "column": 66 }
      },
      "23": {
        "start": { "line": 141, "column": 8 },
        "end": { "line": 141, "column": 4619 }
      },
      "24": {
        "start": { "line": 146, "column": 8 },
        "end": { "line": 146, "column": 66 }
      },
      "25": {
        "start": { "line": 147, "column": 8 },
        "end": { "line": 147, "column": 33 }
      },
      "26": {
        "start": { "line": 154, "column": 8 },
        "end": { "line": 154, "column": 4990 }
      },
      "27": {
        "start": { "line": 156, "column": 8 },
        "end": { "line": 156, "column": 49 }
      },
      "28": {
        "start": { "line": 158, "column": 8 },
        "end": { "line": 158, "column": 51 }
      },
      "29": {
        "start": { "line": 159, "column": 8 },
        "end": { "line": 159, "column": 5186 }
      },
      "30": {
        "start": { "line": 179, "column": 8 },
        "end": { "line": 179, "column": 68 }
      },
      "31": {
        "start": { "line": 180, "column": 8 },
        "end": { "line": 180, "column": 72 }
      },
      "32": {
        "start": { "line": 184, "column": 8 },
        "end": { "line": 184, "column": 63 }
      },
      "33": {
        "start": { "line": 185, "column": 8 },
        "end": { "line": 185, "column": 70 }
      },
      "34": {
        "start": { "line": 187, "column": 8 },
        "end": { "line": 187, "column": 6157 }
      },
      "35": {
        "start": { "line": 192, "column": 8 },
        "end": { "line": 192, "column": 48 }
      },
      "36": {
        "start": { "line": 193, "column": 8 },
        "end": { "line": 193, "column": 24 }
      },
      "37": {
        "start": { "line": 200, "column": 8 },
        "end": { "line": 200, "column": 6467 }
      },
      "38": {
        "start": { "line": 201, "column": 12 },
        "end": { "line": 201, "column": 63 }
      },
      "39": {
        "start": { "line": 202, "column": 12 },
        "end": { "line": 202, "column": 54 }
      },
      "40": {
        "start": { "line": 211, "column": 8 },
        "end": { "line": 211, "column": 6859 }
      },
      "41": {
        "start": { "line": 213, "column": 8 },
        "end": { "line": 213, "column": 54 }
      },
      "42": {
        "start": { "line": 223, "column": 8 },
        "end": { "line": 223, "column": 7201 }
      },
      "43": {
        "start": { "line": 228, "column": 8 },
        "end": { "line": 228, "column": 7315 }
      },
      "44": {
        "start": { "line": 230, "column": 12 },
        "end": { "line": 230, "column": 33 }
      },
      "45": {
        "start": { "line": 231, "column": 12 },
        "end": { "line": 231, "column": 7398 }
      },
      "46": {
        "start": { "line": 235, "column": 15 },
        "end": { "line": 235, "column": 7499 }
      }
    },
    "branchMap": {
      "1": {
        "line": 53,
        "type": "if",
        "locations": [
          {
            "start": { "line": 53, "column": 15 },
            "end": { "line": 53, "column": 15 }
          },
          {
            "start": { "line": 53, "column": 15 },
            "end": { "line": 53, "column": 15 }
          }
        ]
      },
      "2": {
        "line": 55,
        "type": "if",
        "locations": [
          {
            "start": { "line": 55, "column": 14 },
            "end": { "line": 55, "column": 29 }
          },
          {
            "start": { "line": 56, "column": 14 },
            "end": { "line": 56, "column": 29 }
          }
        ]
      },
      "3": {
        "line": 59,
        "type": "if",
        "locations": [
          {
            "start": { "line": 59, "column": 8 },
            "end": { "line": 59, "column": 8 }
          },
          {
            "start": { "line": 59, "column": 8 },
            "end": { "line": 59, "column": 8 }
          }
        ]
      },
      "4": {
        "line": 60,
        "type": "if",
        "locations": [
          {
            "start": { "line": 60, "column": 8 },
            "end": { "line": 60, "column": 8 }
          },
          {
            "start": { "line": 60, "column": 8 },
            "end": { "line": 60, "column": 8 }
          }
        ]
      },
      "5": {
        "line": 65,
        "type": "if",
        "locations": [
          {
            "start": { "line": 65, "column": 8 },
            "end": { "line": 65, "column": 8 }
          },
          {
            "start": { "line": 65, "column": 8 },
            "end": { "line": 65, "column": 8 }
          }
        ]
      },
      "6": {
        "line": 66,
        "type": "cond-expr",
        "locations": [
          {
            "start": { "line": 66, "column": 12 },
            "end": { "line": 66, "column": 29 }
          },
          {
            "start": { "line": 67, "column": 12 },
            "end": { "line": 67, "column": 32 }
          }
        ]
      },
      "7": {
        "line": 66,
        "type": "cond-expr",
        "locations": [
          {
            "start": { "line": 66, "column": 12 },
            "end": { "line": 67, "column": 32 }
          },
          {
            "start": { "line": 68, "column": 12 },
            "end": { "line": 68, "column": 71 }
          }
        ]
      },
      "8": {
        "line": 66,
        "type": "cond-expr",
        "locations": [
          {
            "start": { "line": 66, "column": 12 },
            "end": { "line": 68, "column": 71 }
          },
          {
            "start": { "line": 69, "column": 12 },
            "end": { "line": 69, "column": 71 }
          }
        ]
      },
      "9": {
        "line": 71,
        "type": "if",
        "locations": [
          {
            "start": { "line": 71, "column": 8 },
            "end": { "line": 71, "column": 8 }
          },
          {
            "start": { "line": 71, "column": 8 },
            "end": { "line": 71, "column": 8 }
          }
        ]
      },
      "10": {
        "line": 71,
        "type": "cond-expr",
        "locations": [
          {
            "start": { "line": 71, "column": 12 },
            "end": { "line": 71, "column": 20 }
          },
          {
            "start": { "line": 71, "column": 25 },
            "end": { "line": 71, "column": 36 }
          }
        ]
      },
      "11": {
        "line": 102,
        "type": "if",
        "locations": [
          {
            "start": { "line": 102, "column": 8 },
            "end": { "line": 102, "column": 8 }
          },
          {
            "start": { "line": 102, "column": 8 },
            "end": { "line": 102, "column": 8 }
          }
        ]
      },
      "12": {
        "line": 102,
        "type": "cond-expr",
        "locations": [
          {
            "start": { "line": 102, "column": 12 },
            "end": { "line": 102, "column": 23 }
          },
          {
            "start": { "line": 102, "column": 28 },
            "end": { "line": 102, "column": 39 }
          }
        ]
      },
      "13": {
        "line": 104,
        "type": "if",
        "locations": [
          {
            "start": { "line": 104, "column": 8 },
            "end": { "line": 104, "column": 8 }
          },
          {
            "start": { "line": 104, "column": 8 },
            "end": { "line": 104, "column": 8 }
          }
        ]
      },
      "14": {
        "line": 105,
        "type": "if",
        "locations": [
          {
            "start": { "line": 105, "column": 12 },
            "end": { "line": 105, "column": 12 }
          },
          {
            "start": { "line": 105, "column": 12 },
            "end": { "line": 105, "column": 12 }
          }
        ]
      },
      "15": {
        "line": 126,
        "type": "if",
        "locations": [
          {
            "start": { "line": 126, "column": 8 },
            "end": { "line": 126, "column": 8 }
          },
          {
            "start": { "line": 126, "column": 8 },
            "end": { "line": 126, "column": 8 }
          }
        ]
      },
      "16": {
        "line": 126,
        "type": "cond-expr",
        "locations": [
          {
            "start": { "line": 126, "column": 12 },
            "end": { "line": 126, "column": 21 }
          },
          {
            "start": { "line": 126, "column": 26 },
            "end": { "line": 126, "column": 54 }
          }
        ]
      },
      "17": {
        "line": 154,
        "type": "if",
        "locations": [
          {
            "start": { "line": 154, "column": 8 },
            "end": { "line": 154, "column": 8 }
          },
          {
            "start": { "line": 154, "column": 8 },
            "end": { "line": 154, "column": 8 }
          }
        ]
      },
      "18": {
        "line": 156,
        "type": "if",
        "locations": [
          {
            "start": { "line": 156, "column": 8 },
            "end": { "line": 156, "column": 8 }
          },
          {
            "start": { "line": 156, "column": 8 },
            "end": { "line": 156, "column": 8 }
          }
        ]
      },
      "19": {
        "line": 165,
        "type": "if",
        "locations": [
          {
            "start": { "line": 165, "column": 18 },
            "end": { "line": 170, "column": 16 }
          },
          {
            "start": { "line": 171, "column": 18 },
            "end": { "line": 176, "column": 16 }
          }
        ]
      },
      "20": {
        "line": 200,
        "type": "if",
        "locations": [
          {
            "start": { "line": 200, "column": 8 },
            "end": { "line": 200, "column": 8 }
          },
          {
            "start": { "line": 200, "column": 8 },
            "end": { "line": 200, "column": 8 }
          }
        ]
      },
      "21": {
        "line": 201,
        "type": "if",
        "locations": [
          {
            "start": { "line": 201, "column": 12 },
            "end": { "line": 201, "column": 12 }
          },
          {
            "start": { "line": 201, "column": 12 },
            "end": { "line": 201, "column": 12 }
          }
        ]
      },
      "22": {
        "line": 211,
        "type": "if",
        "locations": [
          {
            "start": { "line": 211, "column": 8 },
            "end": { "line": 211, "column": 8 }
          },
          {
            "start": { "line": 211, "column": 8 },
            "end": { "line": 211, "column": 8 }
          }
        ]
      },
      "23": {
        "line": 223,
        "type": "if",
        "locations": [
          {
            "start": { "line": 223, "column": 8 },
            "end": { "line": 223, "column": 8 }
          },
          {
            "start": { "line": 223, "column": 8 },
            "end": { "line": 223, "column": 8 }
          }
        ]
      },
      "24": {
        "line": 228,
        "type": "if",
        "locations": [
          {
            "start": { "line": 228, "column": 8 },
            "end": { "line": 228, "column": 8 }
          },
          {
            "start": { "line": 228, "column": 8 },
            "end": { "line": 228, "column": 8 }
          }
        ]
      },
      "25": {
        "line": 235,
        "type": "if",
        "locations": [
          {
            "start": { "line": 235, "column": 15 },
            "end": { "line": 235, "column": 15 }
          },
          {
            "start": { "line": 235, "column": 15 },
            "end": { "line": 235, "column": 15 }
          }
        ]
      }
    }
  },
  "contracts\\DexPoolFactory.sol": {
    "l": {
      "23": 3,
      "32": 0,
      "40": 0,
      "41": 0,
      "43": 0,
      "44": 0,
      "51": 0,
      "52": 0,
      "53": 0,
      "54": 0,
      "55": 0,
      "57": 0,
      "62": 0,
      "63": 0,
      "64": 0,
      "65": 0,
      "66": 0,
      "76": 46
    },
    "path": "C:\\Users\\i.ivanov\\Desktop\\projects\\dex\\dex-core\\contracts\\DexPoolFactory.sol",
    "s": { "1": 0, "2": 0, "3": 0, "4": 0, "5": 0, "6": 0, "7": 0, "8": 46 },
    "b": { "1": [0, 0], "2": [0, 0], "3": [0, 0], "4": [44, 0] },
    "f": { "1": 3, "2": 0, "3": 0, "4": 0, "5": 46 },
    "fnMap": {
      "1": {
        "name": "constructor",
        "line": 22,
        "loc": {
          "start": { "line": 22, "column": 4 },
          "end": { "line": 24, "column": 4 }
        }
      },
      "2": {
        "name": "createPool",
        "line": 26,
        "loc": {
          "start": { "line": 26, "column": 4 },
          "end": { "line": 45, "column": 4 }
        }
      },
      "3": {
        "name": "transferOwnership",
        "line": 47,
        "loc": {
          "start": { "line": 47, "column": 4 },
          "end": { "line": 59, "column": 4 }
        }
      },
      "4": {
        "name": "claimOwnership",
        "line": 61,
        "loc": {
          "start": { "line": 61, "column": 4 },
          "end": { "line": 67, "column": 4 }
        }
      },
      "5": {
        "name": "supportsInterface",
        "line": 69,
        "loc": {
          "start": { "line": 69, "column": 4 },
          "end": { "line": 79, "column": 4 }
        }
      }
    },
    "statementMap": {
      "1": {
        "start": { "line": 32, "column": 8 },
        "end": { "line": 32, "column": 927 }
      },
      "2": {
        "start": { "line": 44, "column": 8 },
        "end": { "line": 44, "column": 51 }
      },
      "3": {
        "start": { "line": 51, "column": 8 },
        "end": { "line": 51, "column": 1543 }
      },
      "4": {
        "start": { "line": 52, "column": 12 },
        "end": { "line": 52, "column": 71 }
      },
      "5": {
        "start": { "line": 53, "column": 12 },
        "end": { "line": 53, "column": 53 }
      },
      "6": {
        "start": { "line": 62, "column": 8 },
        "end": { "line": 62, "column": 1942 }
      },
      "7": {
        "start": { "line": 64, "column": 8 },
        "end": { "line": 64, "column": 53 }
      },
      "8": {
        "start": { "line": 76, "column": 8 },
        "end": { "line": 76, "column": 2298 }
      }
    },
    "branchMap": {
      "1": {
        "line": 51,
        "type": "if",
        "locations": [
          {
            "start": { "line": 51, "column": 8 },
            "end": { "line": 51, "column": 8 }
          },
          {
            "start": { "line": 51, "column": 8 },
            "end": { "line": 51, "column": 8 }
          }
        ]
      },
      "2": {
        "line": 52,
        "type": "if",
        "locations": [
          {
            "start": { "line": 52, "column": 12 },
            "end": { "line": 52, "column": 12 }
          },
          {
            "start": { "line": 52, "column": 12 },
            "end": { "line": 52, "column": 12 }
          }
        ]
      },
      "3": {
        "line": 62,
        "type": "if",
        "locations": [
          {
            "start": { "line": 62, "column": 8 },
            "end": { "line": 62, "column": 8 }
          },
          {
            "start": { "line": 62, "column": 8 },
            "end": { "line": 62, "column": 8 }
          }
        ]
      },
      "4": {
        "line": 77,
        "type": "cond-expr",
        "locations": [
          {
            "start": { "line": 77, "column": 12 },
            "end": { "line": 77, "column": 59 }
          },
          {
            "start": { "line": 78, "column": 12 },
            "end": { "line": 78, "column": 47 }
          }
        ]
      }
    }
  },
  "contracts\\DexToken.sol": {
    "l": { "12": 178, "22": 77 },
    "path": "C:\\Users\\i.ivanov\\Desktop\\projects\\dex\\dex-core\\contracts\\DexToken.sol",
    "s": { "1": 178, "2": 77 },
    "b": { "1": [76, 0] },
    "f": { "1": 6, "2": 178, "3": 77 },
    "fnMap": {
      "1": {
        "name": "constructor",
        "line": 9,
        "loc": {
          "start": { "line": 9, "column": 4 },
          "end": { "line": 9, "column": 45 }
        }
      },
      "2": {
        "name": "mint",
        "line": 11,
        "loc": {
          "start": { "line": 11, "column": 4 },
          "end": { "line": 13, "column": 4 }
        }
      },
      "3": {
        "name": "supportsInterface",
        "line": 15,
        "loc": {
          "start": { "line": 15, "column": 4 },
          "end": { "line": 25, "column": 4 }
        }
      }
    },
    "statementMap": {
      "1": {
        "start": { "line": 12, "column": 8 },
        "end": { "line": 12, "column": 32 }
      },
      "2": {
        "start": { "line": 22, "column": 8 },
        "end": { "line": 22, "column": 613 }
      }
    },
    "branchMap": {
      "1": {
        "line": 23,
        "type": "cond-expr",
        "locations": [
          {
            "start": { "line": 23, "column": 12 },
            "end": { "line": 23, "column": 50 }
          },
          {
            "start": { "line": 24, "column": 12 },
            "end": { "line": 24, "column": 47 }
          }
        ]
      }
    }
  },
  "contracts\\governance\\DexGovernor.sol": {
    "l": {
      "25": 0,
      "29": 0,
      "40": 0,
      "49": 0,
      "59": 0,
      "68": 0,
      "77": 0,
      "86": 0
    },
    "path": "C:\\Users\\i.ivanov\\Desktop\\projects\\dex\\dex-core\\contracts\\governance\\DexGovernor.sol",
    "s": { "1": 0, "2": 0, "3": 0, "4": 0, "5": 0, "6": 0, "7": 0, "8": 0 },
    "b": {},
    "f": {
      "1": 0,
      "2": 0,
      "3": 0,
      "4": 0,
      "5": 0,
      "6": 0,
      "7": 0,
      "8": 0,
      "9": 0
    },
    "fnMap": {
      "1": {
        "name": "constructor",
        "line": 21,
        "loc": {
          "start": { "line": 17, "column": 4 },
          "end": { "line": 22, "column": 5 }
        }
      },
      "2": {
        "name": "votingDelay",
        "line": 24,
        "loc": {
          "start": { "line": 24, "column": 4 },
          "end": { "line": 26, "column": 4 }
        }
      },
      "3": {
        "name": "votingPeriod",
        "line": 28,
        "loc": {
          "start": { "line": 28, "column": 4 },
          "end": { "line": 30, "column": 4 }
        }
      },
      "4": {
        "name": "quorum",
        "line": 34,
        "loc": {
          "start": { "line": 34, "column": 4 },
          "end": { "line": 41, "column": 4 }
        }
      },
      "5": {
        "name": "state",
        "line": 43,
        "loc": {
          "start": { "line": 43, "column": 4 },
          "end": { "line": 50, "column": 4 }
        }
      },
      "6": {
        "name": "_execute",
        "line": 52,
        "loc": {
          "start": { "line": 52, "column": 4 },
          "end": { "line": 60, "column": 4 }
        }
      },
      "7": {
        "name": "_cancel",
        "line": 62,
        "loc": {
          "start": { "line": 62, "column": 4 },
          "end": { "line": 69, "column": 4 }
        }
      },
      "8": {
        "name": "_executor",
        "line": 71,
        "loc": {
          "start": { "line": 71, "column": 4 },
          "end": { "line": 78, "column": 4 }
        }
      },
      "9": {
        "name": "supportsInterface",
        "line": 80,
        "loc": {
          "start": { "line": 80, "column": 4 },
          "end": { "line": 87, "column": 4 }
        }
      }
    },
    "statementMap": {
      "1": {
        "start": { "line": 25, "column": 8 },
        "end": { "line": 25, "column": 16 }
      },
      "2": {
        "start": { "line": 29, "column": 8 },
        "end": { "line": 29, "column": 20 }
      },
      "3": {
        "start": { "line": 40, "column": 8 },
        "end": { "line": 40, "column": 40 }
      },
      "4": {
        "start": { "line": 49, "column": 8 },
        "end": { "line": 49, "column": 38 }
      },
      "5": {
        "start": { "line": 59, "column": 8 },
        "end": { "line": 59, "column": 78 }
      },
      "6": {
        "start": { "line": 68, "column": 8 },
        "end": { "line": 68, "column": 73 }
      },
      "7": {
        "start": { "line": 77, "column": 8 },
        "end": { "line": 77, "column": 32 }
      },
      "8": {
        "start": { "line": 86, "column": 8 },
        "end": { "line": 86, "column": 51 }
      }
    },
    "branchMap": {}
  },
  "contracts\\governance\\GovernanceTimeLock.sol": {
    "l": {},
    "path": "C:\\Users\\i.ivanov\\Desktop\\projects\\dex\\dex-core\\contracts\\governance\\GovernanceTimeLock.sol",
    "s": {},
    "b": {},
    "f": { "1": 0 },
    "fnMap": {
      "1": {
        "name": "constructor",
        "line": 11,
        "loc": {
          "start": { "line": 7, "column": 4 },
          "end": { "line": 11, "column": 58 }
        }
      }
    },
    "statementMap": {},
    "branchMap": {}
  },
  "contracts\\governance\\GovernanceToken.sol": {
    "l": { "16": 0, "23": 0, "30": 0 },
    "path": "C:\\Users\\i.ivanov\\Desktop\\projects\\dex\\dex-core\\contracts\\governance\\GovernanceToken.sol",
    "s": { "1": 0, "2": 0, "3": 0 },
    "b": {},
    "f": { "1": 0, "2": 0, "3": 0, "4": 0 },
    "fnMap": {
      "1": {
        "name": "constructor",
        "line": 9,
        "loc": {
          "start": { "line": 9, "column": 4 },
          "end": { "line": 9, "column": 70 }
        }
      },
      "2": {
        "name": "_afterTokenTransfer",
        "line": 11,
        "loc": {
          "start": { "line": 11, "column": 4 },
          "end": { "line": 17, "column": 4 }
        }
      },
      "3": {
        "name": "_mint",
        "line": 19,
        "loc": {
          "start": { "line": 19, "column": 4 },
          "end": { "line": 24, "column": 4 }
        }
      },
      "4": {
        "name": "_burn",
        "line": 26,
        "loc": {
          "start": { "line": 26, "column": 4 },
          "end": { "line": 31, "column": 4 }
        }
      }
    },
    "statementMap": {
      "1": {
        "start": { "line": 16, "column": 8 },
        "end": { "line": 16, "column": 50 }
      },
      "2": {
        "start": { "line": 23, "column": 8 },
        "end": { "line": 23, "column": 30 }
      },
      "3": {
        "start": { "line": 30, "column": 8 },
        "end": { "line": 30, "column": 35 }
      }
    },
    "branchMap": {}
  },
  "contracts\\interfaces\\IDexPool.sol": {
    "l": {},
    "path": "C:\\Users\\i.ivanov\\Desktop\\projects\\dex\\dex-core\\contracts\\interfaces\\IDexPool.sol",
    "s": {},
    "b": {},
    "f": {},
    "fnMap": {},
    "statementMap": {},
    "branchMap": {}
  },
  "contracts\\interfaces\\IDexPoolFactory.sol": {
    "l": {},
    "path": "C:\\Users\\i.ivanov\\Desktop\\projects\\dex\\dex-core\\contracts\\interfaces\\IDexPoolFactory.sol",
    "s": {},
    "b": {},
    "f": {},
    "fnMap": {},
    "statementMap": {},
    "branchMap": {}
  },
  "contracts\\proxy\\DexPoolProxy.sol": {
    "l": {},
    "path": "C:\\Users\\i.ivanov\\Desktop\\projects\\dex\\dex-core\\contracts\\proxy\\DexPoolProxy.sol",
    "s": {},
    "b": {},
    "f": { "1": 0 },
    "fnMap": {
      "1": {
        "name": "constructor",
        "line": 8,
        "loc": {
          "start": { "line": 7, "column": 4 },
          "end": { "line": 9, "column": 5 }
        }
      }
    },
    "statementMap": {},
    "branchMap": {}
  }
}
