TN:
SF:/home/iivanov/projects/dex/dex-core/contracts/DexPool.sol
FN:53,initialize
FN:80,mintShares
FN:85,burnShares
FN:90,updateBalances
FN:95,addLiquidity
FN:123,removeLiquidity
FN:151,swap
FN:196,transferOwnership
FN:210,claimOwnership
FN:218,_authorizeUpgrade
FN:227,sqrt
FNF:11
FNH:5
FNDA:21,initialize
FNDA:5,mintShares
FNDA:0,burnShares
FNDA:5,updateBalances
FNDA:5,addLiquidity
FNDA:0,removeLiquidity
FNDA:0,swap
FNDA:0,transferOwnership
FNDA:0,claimOwnership
FNDA:0,_authorizeUpgrade
FNDA:3,sqrt
DA:54,21
DA:59,21
DA:60,20
DA:65,18
DA:71,11
DA:73,9
DA:74,9
DA:75,9
DA:76,9
DA:77,9
DA:81,5
DA:82,5
DA:86,0
DA:87,0
DA:91,5
DA:92,5
DA:100,5
DA:101,5
DA:103,5
DA:104,2
DA:105,0
DA:107,2
DA:108,2
DA:110,3
DA:112,5
DA:113,5
DA:114,5
DA:119,5
DA:120,5
DA:127,0
DA:129,0
DA:130,0
DA:132,0
DA:134,0
DA:136,0
DA:137,0
DA:139,0
DA:140,0
DA:142,0
DA:147,0
DA:148,0
DA:155,0
DA:156,0
DA:157,0
DA:159,0
DA:160,0
DA:180,0
DA:181,0
DA:182,0
DA:185,0
DA:186,0
DA:188,0
DA:193,0
DA:200,0
DA:201,0
DA:202,0
DA:203,0
DA:204,0
DA:206,0
DA:211,0
DA:212,0
DA:213,0
DA:214,0
DA:215,0
DA:223,0
DA:224,0
DA:228,3
DA:229,3
DA:230,3
DA:231,3
DA:232,36
DA:233,36
DA:236,0
LF:73
LH:32
BRDA:53,1,0,21
BRDA:53,1,1,1
BRDA:55,2,0,2
BRDA:55,2,1,19
BRDA:59,3,0,1
BRDA:59,3,1,20
BRDA:60,4,0,1
BRDA:60,4,1,18
BRDA:65,5,0,5
BRDA:65,5,1,11
BRDA:66,6,0,1
BRDA:66,6,1,2
BRDA:66,7,0,2
BRDA:66,7,1,1
BRDA:66,8,0,1
BRDA:66,8,1,1
BRDA:71,9,0,2
BRDA:71,9,1,9
BRDA:71,10,0,1
BRDA:71,10,1,1
BRDA:103,11,0,2
BRDA:103,11,1,3
BRDA:104,12,0,0
BRDA:104,12,1,2
BRDA:127,13,0,0
BRDA:127,13,1,0
BRDA:127,14,0,0
BRDA:127,14,1,0
BRDA:155,15,0,0
BRDA:155,15,1,0
BRDA:157,16,0,0
BRDA:157,16,1,0
BRDA:166,17,0,0
BRDA:166,17,1,0
BRDA:200,18,0,0
BRDA:200,18,1,0
BRDA:201,19,0,0
BRDA:201,19,1,0
BRDA:211,20,0,0
BRDA:211,20,1,0
BRDA:223,21,0,0
BRDA:223,21,1,0
BRDA:228,22,0,3
BRDA:228,22,1,0
BRDA:235,23,0,0
BRDA:235,23,1,0
BRF:46
BRH:24
end_of_record
TN:
SF:/home/iivanov/projects/dex/dex-core/contracts/DexPoolFactory.sol
FN:22,constructor
FN:26,createPool
FN:47,transferOwnership
FN:61,claimOwnership
FN:69,supportsInterface
FNF:5
FNH:2
FNDA:3,constructor
FNDA:0,createPool
FNDA:0,transferOwnership
FNDA:0,claimOwnership
FNDA:20,supportsInterface
DA:23,3
DA:32,0
DA:40,0
DA:41,0
DA:43,0
DA:44,0
DA:51,0
DA:52,0
DA:53,0
DA:54,0
DA:55,0
DA:57,0
DA:62,0
DA:63,0
DA:64,0
DA:65,0
DA:66,0
DA:76,20
LF:18
LH:2
BRDA:51,1,0,0
BRDA:51,1,1,0
BRDA:52,2,0,0
BRDA:52,2,1,0
BRDA:62,3,0,0
BRDA:62,3,1,0
BRDA:77,4,0,18
BRDA:77,4,1,0
BRF:8
BRH:1
end_of_record
TN:
SF:/home/iivanov/projects/dex/dex-core/contracts/DexToken.sol
FN:9,constructor
FN:11,mint
FN:15,supportsInterface
FNF:3
FNH:3
FNDA:6,constructor
FNDA:10,mint
FNDA:25,supportsInterface
DA:12,10
DA:22,25
LF:2
LH:2
BRDA:23,1,0,24
BRDA:23,1,1,0
BRF:2
BRH:1
end_of_record
TN:
SF:/home/iivanov/projects/dex/dex-core/contracts/governance/DexGovernor.sol
FN:21,constructor
FN:24,votingDelay
FN:28,votingPeriod
FN:34,quorum
FN:43,state
FN:52,_execute
FN:62,_cancel
FN:71,_executor
FN:80,supportsInterface
FNF:9
FNH:0
FNDA:0,constructor
FNDA:0,votingDelay
FNDA:0,votingPeriod
FNDA:0,quorum
FNDA:0,state
FNDA:0,_execute
FNDA:0,_cancel
FNDA:0,_executor
FNDA:0,supportsInterface
DA:25,0
DA:29,0
DA:40,0
DA:49,0
DA:59,0
DA:68,0
DA:77,0
DA:86,0
LF:8
LH:0
BRF:0
BRH:0
end_of_record
TN:
SF:/home/iivanov/projects/dex/dex-core/contracts/governance/GovernanceTimeLock.sol
FN:11,constructor
FNF:1
FNH:0
FNDA:0,constructor
LF:0
LH:0
BRF:0
BRH:0
end_of_record
TN:
SF:/home/iivanov/projects/dex/dex-core/contracts/governance/GovernanceToken.sol
FN:9,constructor
FN:11,_afterTokenTransfer
FN:19,_mint
FN:26,_burn
FNF:4
FNH:0
FNDA:0,constructor
FNDA:0,_afterTokenTransfer
FNDA:0,_mint
FNDA:0,_burn
DA:16,0
DA:23,0
DA:30,0
LF:3
LH:0
BRF:0
BRH:0
end_of_record
TN:
SF:/home/iivanov/projects/dex/dex-core/contracts/interfaces/IDexPool.sol
FNF:0
FNH:0
LF:0
LH:0
BRF:0
BRH:0
end_of_record
TN:
SF:/home/iivanov/projects/dex/dex-core/contracts/interfaces/IDexPoolFactory.sol
FNF:0
FNH:0
LF:0
LH:0
BRF:0
BRH:0
end_of_record
TN:
SF:/home/iivanov/projects/dex/dex-core/contracts/proxy/DexPoolProxy.sol
FN:8,constructor
FNF:1
FNH:0
FNDA:0,constructor
LF:0
LH:0
BRF:0
BRH:0
end_of_record
